Unknown command: "dev"

Did you mean this?
    npm run dev # run the "dev" package script

To see a list of supported npm commands, run:
  npm help

> vinodrill-front@0.0.0 dev
> vite "5006"


  VITE v3.2.4  ready in 214 ms

  ➜  Local:   http://127.0.0.1:5173/
  ➜  Network: use --host to expose
(!) Could not auto-determine entry point from rollupOptions or html files and there are no explicit optimizeDeps.include patterns. Skipping dependency pre-bundling.

> vinodrill-front@0.0.0 dev
> vite "--host" "--port" "5006"


  VITE v3.2.4  ready in 326 ms

  ➜  Local:   http://localhost:5006/
  ➜  Network: http://51.83.36.122:5006/
4:23:25 PM [vite] hmr update /src/App.vue
hmr update /src/assets/main.css
4:23:33 PM [vite] hmr update /src/App.vue
hmr update /src/assets/main.css
4:23:34 PM [vite] hmr update /src/App.vue
hmr update /src/assets/main.css
4:24:48 PM [vite] hmr update /src/App.vue
hmr update /src/assets/main.css
4:24:50 PM [vite] hmr update /src/App.vue
hmr update /src/assets/main.css
4:24:53 PM [vite] hmr update /src/App.vue
hmr update /src/assets/main.css
4:24:55 PM [vite] hmr update /src/App.vue
hmr update /src/assets/main.css
4:24:56 PM [vite] hmr update /src/App.vue
hmr update /src/assets/main.css
4:24:56 PM [vite] Internal server error: Whitespace was expected.
  Plugin: vite:vue
  File: /home/s212/VinoDrillFront/src/App.vue:51:16
  49 |        </RouterLink>
  50 |        <ul id="menu" class="flex items-center
  51 |          class="gap-4 text-2xl text-white border-l-2 border-zinc-800 pl-8"
     |                  ^
  52 |        >
  53 |          <li>
      at createCompilerError (/home/s212/VinoDrillFront/node_modules/@vue/compiler-core/dist/compiler-core.cjs.js:19:19)
      at emitError (/home/s212/VinoDrillFront/node_modules/@vue/compiler-core/dist/compiler-core.cjs.js:1613:29)
      at parseAttributes (/home/s212/VinoDrillFront/node_modules/@vue/compiler-core/dist/compiler-core.cjs.js:1342:13)
      at parseTag (/home/s212/VinoDrillFront/node_modules/@vue/compiler-core/dist/compiler-core.cjs.js:1199:17)
      at parseElement (/home/s212/VinoDrillFront/node_modules/@vue/compiler-core/dist/compiler-core.cjs.js:1128:21)
      at parseChildren (/home/s212/VinoDrillFront/node_modules/@vue/compiler-core/dist/compiler-core.cjs.js:943:28)
      at parseElement (/home/s212/VinoDrillFront/node_modules/@vue/compiler-core/dist/compiler-core.cjs.js:1144:22)
      at parseChildren (/home/s212/VinoDrillFront/node_modules/@vue/compiler-core/dist/compiler-core.cjs.js:943:28)
      at parseElement (/home/s212/VinoDrillFront/node_modules/@vue/compiler-core/dist/compiler-core.cjs.js:1144:22)
      at parseChildren (/home/s212/VinoDrillFront/node_modules/@vue/compiler-core/dist/compiler-core.cjs.js:943:28)
4:24:56 PM [vite] Internal server error: Whitespace was expected.
  Plugin: vite:vue
  File: /home/s212/VinoDrillFront/src/App.vue:51:16
  49 |        </RouterLink>
  50 |        <ul id="menu" class="flex items-center
  51 |          class="gap-4 text-2xl text-white border-l-2 border-zinc-800 pl-8"
     |                  ^
  52 |        >
  53 |          <li>
      at createCompilerError (/home/s212/VinoDrillFront/node_modules/@vue/compiler-core/dist/compiler-core.cjs.js:19:19)
      at emitError (/home/s212/VinoDrillFront/node_modules/@vue/compiler-core/dist/compiler-core.cjs.js:1613:29)
      at parseAttributes (/home/s212/VinoDrillFront/node_modules/@vue/compiler-core/dist/compiler-core.cjs.js:1342:13)
      at parseTag (/home/s212/VinoDrillFront/node_modules/@vue/compiler-core/dist/compiler-core.cjs.js:1199:17)
      at parseElement (/home/s212/VinoDrillFront/node_modules/@vue/compiler-core/dist/compiler-core.cjs.js:1128:21)
      at parseChildren (/home/s212/VinoDrillFront/node_modules/@vue/compiler-core/dist/compiler-core.cjs.js:943:28)
      at parseElement (/home/s212/VinoDrillFront/node_modules/@vue/compiler-core/dist/compiler-core.cjs.js:1144:22)
      at parseChildren (/home/s212/VinoDrillFront/node_modules/@vue/compiler-core/dist/compiler-core.cjs.js:943:28)
      at parseElement (/home/s212/VinoDrillFront/node_modules/@vue/compiler-core/dist/compiler-core.cjs.js:1144:22)
      at parseChildren (/home/s212/VinoDrillFront/node_modules/@vue/compiler-core/dist/compiler-core.cjs.js:943:28)
4:24:56 PM [vite] Internal server error: Whitespace was expected.
  Plugin: vite:vue
  File: /home/s212/VinoDrillFront/src/App.vue:51:16
  49 |        </RouterLink>
  50 |        <ul id="menu" class="flex items-center
  51 |          class="gap-4 text-2xl text-white border-l-2 border-zinc-800 pl-8"
     |                  ^
  52 |        >
  53 |          <li>
      at createCompilerError (/home/s212/VinoDrillFront/node_modules/@vue/compiler-core/dist/compiler-core.cjs.js:19:19)
      at emitError (/home/s212/VinoDrillFront/node_modules/@vue/compiler-core/dist/compiler-core.cjs.js:1613:29)
      at parseAttributes (/home/s212/VinoDrillFront/node_modules/@vue/compiler-core/dist/compiler-core.cjs.js:1342:13)
      at parseTag (/home/s212/VinoDrillFront/node_modules/@vue/compiler-core/dist/compiler-core.cjs.js:1199:17)
      at parseElement (/home/s212/VinoDrillFront/node_modules/@vue/compiler-core/dist/compiler-core.cjs.js:1128:21)
      at parseChildren (/home/s212/VinoDrillFront/node_modules/@vue/compiler-core/dist/compiler-core.cjs.js:943:28)
      at parseElement (/home/s212/VinoDrillFront/node_modules/@vue/compiler-core/dist/compiler-core.cjs.js:1144:22)
      at parseChildren (/home/s212/VinoDrillFront/node_modules/@vue/compiler-core/dist/compiler-core.cjs.js:943:28)
      at parseElement (/home/s212/VinoDrillFront/node_modules/@vue/compiler-core/dist/compiler-core.cjs.js:1144:22)
      at parseChildren (/home/s212/VinoDrillFront/node_modules/@vue/compiler-core/dist/compiler-core.cjs.js:943:28)
4:25:00 PM [vite] hmr update /src/App.vue
hmr update /src/assets/main.css
4:25:07 PM [vite] hmr update /src/App.vue
hmr update /src/assets/main.css
4:25:07 PM [vite] Internal server error: [@vue/compiler-sfc] Missing initializer in const declaration. (13:12)

/home/s212/VinoDrillFront/src/App.vue
11 |  onMounted(async () => {
12 |    const header = document.querySelector("header");
13 |    const menu 
   |              ^
14 |  
15 |    // get header height
  Plugin: vite:vue
  File: /home/s212/VinoDrillFront/src/App.vue:13:12
  10 |  
  11 |  onMounted(async () => {
  12 |    const header = document.querySelector("header");
     |                                                   ^
  13 |    const menu 
  14 |  
      at instantiate (/home/s212/VinoDrillFront/node_modules/@babel/parser/lib/index.js:67:32)
      at constructor (/home/s212/VinoDrillFront/node_modules/@babel/parser/lib/index.js:364:12)
      at JSXParserMixin.raise (/home/s212/VinoDrillFront/node_modules/@babel/parser/lib/index.js:3364:19)
      at JSXParserMixin.parseVar (/home/s212/VinoDrillFront/node_modules/@babel/parser/lib/index.js:13586:16)
      at JSXParserMixin.parseVarStatement (/home/s212/VinoDrillFront/node_modules/@babel/parser/lib/index.js:13399:10)
      at JSXParserMixin.parseStatementContent (/home/s212/VinoDrillFront/node_modules/@babel/parser/lib/index.js:12986:23)
      at JSXParserMixin.parseStatement (/home/s212/VinoDrillFront/node_modules/@babel/parser/lib/index.js:12917:17)
      at JSXParserMixin.parseBlockOrModuleBlockBody (/home/s212/VinoDrillFront/node_modules/@babel/parser/lib/index.js:13497:25)
      at JSXParserMixin.parseBlockBody (/home/s212/VinoDrillFront/node_modules/@babel/parser/lib/index.js:13489:10)
      at JSXParserMixin.parseBlock (/home/s212/VinoDrillFront/node_modules/@babel/parser/lib/index.js:13477:10)
4:25:07 PM [vite] Internal server error: [@vue/compiler-sfc] Missing initializer in const declaration. (13:12)

/home/s212/VinoDrillFront/src/App.vue
11 |  onMounted(async () => {
12 |    const header = document.querySelector("header");
13 |    const menu 
   |              ^
14 |  
15 |    // get header height
  Plugin: vite:vue
  File: /home/s212/VinoDrillFront/src/App.vue:13:12
  10 |  
  11 |  onMounted(async () => {
  12 |    const header = document.querySelector("header");
     |                                                   ^
  13 |    const menu 
  14 |  
      at instantiate (/home/s212/VinoDrillFront/node_modules/@babel/parser/lib/index.js:67:32)
      at constructor (/home/s212/VinoDrillFront/node_modules/@babel/parser/lib/index.js:364:12)
      at JSXParserMixin.raise (/home/s212/VinoDrillFront/node_modules/@babel/parser/lib/index.js:3364:19)
      at JSXParserMixin.parseVar (/home/s212/VinoDrillFront/node_modules/@babel/parser/lib/index.js:13586:16)
      at JSXParserMixin.parseVarStatement (/home/s212/VinoDrillFront/node_modules/@babel/parser/lib/index.js:13399:10)
      at JSXParserMixin.parseStatementContent (/home/s212/VinoDrillFront/node_modules/@babel/parser/lib/index.js:12986:23)
      at JSXParserMixin.parseStatement (/home/s212/VinoDrillFront/node_modules/@babel/parser/lib/index.js:12917:17)
      at JSXParserMixin.parseBlockOrModuleBlockBody (/home/s212/VinoDrillFront/node_modules/@babel/parser/lib/index.js:13497:25)
      at JSXParserMixin.parseBlockBody (/home/s212/VinoDrillFront/node_modules/@babel/parser/lib/index.js:13489:10)
      at JSXParserMixin.parseBlock (/home/s212/VinoDrillFront/node_modules/@babel/parser/lib/index.js:13477:10)
4:25:07 PM [vite] Internal server error: [@vue/compiler-sfc] Missing initializer in const declaration. (13:12)

/home/s212/VinoDrillFront/src/App.vue
11 |  onMounted(async () => {
12 |    const header = document.querySelector("header");
13 |    const menu 
   |              ^
14 |  
15 |    // get header height
  Plugin: vite:vue
  File: /home/s212/VinoDrillFront/src/App.vue:13:12
  10 |  
  11 |  onMounted(async () => {
  12 |    const header = document.querySelector("header");
     |                                                   ^
  13 |    const menu 
  14 |  
      at instantiate (/home/s212/VinoDrillFront/node_modules/@babel/parser/lib/index.js:67:32)
      at constructor (/home/s212/VinoDrillFront/node_modules/@babel/parser/lib/index.js:364:12)
      at JSXParserMixin.raise (/home/s212/VinoDrillFront/node_modules/@babel/parser/lib/index.js:3364:19)
      at JSXParserMixin.parseVar (/home/s212/VinoDrillFront/node_modules/@babel/parser/lib/index.js:13586:16)
      at JSXParserMixin.parseVarStatement (/home/s212/VinoDrillFront/node_modules/@babel/parser/lib/index.js:13399:10)
      at JSXParserMixin.parseStatementContent (/home/s212/VinoDrillFront/node_modules/@babel/parser/lib/index.js:12986:23)
      at JSXParserMixin.parseStatement (/home/s212/VinoDrillFront/node_modules/@babel/parser/lib/index.js:12917:17)
      at JSXParserMixin.parseBlockOrModuleBlockBody (/home/s212/VinoDrillFront/node_modules/@babel/parser/lib/index.js:13497:25)
      at JSXParserMixin.parseBlockBody (/home/s212/VinoDrillFront/node_modules/@babel/parser/lib/index.js:13489:10)
      at JSXParserMixin.parseBlock (/home/s212/VinoDrillFront/node_modules/@babel/parser/lib/index.js:13477:10)
4:25:08 PM [vite] hmr update /src/App.vue
hmr update /src/assets/main.css
4:25:11 PM [vite] hmr update /src/App.vue
hmr update /src/assets/main.css
4:25:14 PM [vite] hmr update /src/App.vue
hmr update /src/assets/main.css
4:25:19 PM [vite] hmr update /src/App.vue
hmr update /src/assets/main.css
4:26:37 PM [vite] hmr update /src/App.vue
hmr update /src/assets/main.css
4:26:43 PM [vite] hmr update /src/App.vue
hmr update /src/assets/main.css
4:26:45 PM [vite] hmr update /src/App.vue
hmr update /src/assets/main.css
4:26:47 PM [vite] hmr update /src/App.vue
hmr update /src/assets/main.css
4:26:49 PM [vite] hmr update /src/App.vue
hmr update /src/assets/main.css
4:26:52 PM [vite] hmr update /src/App.vue
hmr update /src/assets/main.css
4:26:53 PM [vite] hmr update /src/App.vue
hmr update /src/assets/main.css
4:26:54 PM [vite] hmr update /src/App.vue
hmr update /src/assets/main.css
4:26:59 PM [vite] hmr update /src/App.vue
hmr update /src/assets/main.css
6:08:45 PM [vite] hmr update /src/views/RouteDesVinsView.vue
hmr update /src/assets/main.css
6:09:25 PM [vite] hmr update /src/views/RouteDesVinsView.vue
hmr update /src/assets/main.css
6:09:25 PM [vite] hmr update /src/views/RouteDesVinsView.vue
hmr update /src/assets/main.css
6:09:37 PM [vite] hmr update /src/views/RouteDesVinsView.vue
hmr update /src/assets/main.css
6:09:37 PM [vite] hmr update /src/views/RouteDesVinsView.vue
hmr update /src/assets/main.css
6:11:13 PM [vite] hmr update /src/views/RouteDesVinsView.vue
hmr update /src/assets/main.css
6:11:13 PM [vite] hmr update /src/views/RouteDesVinsView.vue
hmr update /src/assets/main.css
6:14:31 PM [vite] hmr update /src/views/RouteDesVinsView.vue
hmr update /src/assets/main.css
6:14:31 PM [vite] hmr update /src/views/RouteDesVinsView.vue
hmr update /src/assets/main.css
